2023-12-19 14:12:236 INFO  ManageBrowser :38 - CLick on start Button
2023-12-19 14:12:71 INFO  ManageBrowser :24 - Select Nationality
2023-12-19 14:12:526 INFO  ManageBrowser :38 - CLick on start Button
2023-12-19 14:12:805 INFO  ManageBrowser :24 - Select Nationality
2023-12-19 14:12:235 INFO  ManageBrowser :38 - CLick on start Button
2023-12-19 14:12:187 INFO  ManageBrowser :24 - Select Nationality
2023-12-19 14:12:583 INFO  ManageBrowser :38 - CLick on start Button
2023-12-19 14:12:99 INFO  ManageBrowser :24 - Select Nationality
2023-12-19 14:12:570 INFO  ManageBrowser :38 - CLick on start Button
2023-12-19 14:12:127 INFO  ManageBrowser :24 - Select Nationality
2023-12-19 14:12:657 INFO  ManageBrowser :38 - CLick on start Button
2023-12-19 14:12:181 INFO  ManageBrowser :24 - Select Nationality
2023-12-19 14:12:582 INFO  ManageBrowser :38 - CLick on start Button
2023-12-19 14:12:900 INFO  ManageBrowser :24 - Select Nationality
2023-12-19 14:12:397 INFO  ManageBrowser :38 - CLick on start Button
2023-12-19 14:12:701 INFO  ManageBrowser :24 - Select Nationality
2023-12-19 14:12:317 INFO  ManageBrowser :38 - CLick on start Button
2023-12-19 14:12:682 INFO  ManageBrowser :24 - Select Nationality
2023-12-19 14:12:193 INFO  ManageBrowser :38 - CLick on start Button
2023-12-19 14:12:598 INFO  ManageBrowser :24 - Select Nationality
2023-12-19 14:12:989 INFO  ManageBrowser :28 - accept cookies
2023-12-19 14:12:34 INFO  ManageBrowser :33 - Click on hide message
2023-12-19 14:12:65 INFO  ManageBrowser :38 - CLick on start Button
2023-12-19 14:12:727 INFO  ManageBrowser :24 - Select Nationality
2023-12-19 14:12:776 INFO  ManageBrowser :29 - Click next step Button
2023-12-19 14:12:104 INFO  ManageBrowser :27 - select Reason for visit
2023-12-19 14:12:143 INFO  ManageBrowser :38 - click on continue button
2023-12-19 14:12:614 INFO  ManageBrowser :32 - get result message
2023-12-19 14:12:601 INFO  ManageBrowser :38 - CLick on start Button
2023-12-19 14:12:132 INFO  ManageBrowser :24 - Select Nationality
2023-12-19 14:12:187 INFO  ManageBrowser :38 - click on continue button
2023-12-19 14:12:987 INFO  ManageBrowser :27 - select Reason for visit
2023-12-19 14:12:31 INFO  ManageBrowser :38 - click on continue button
2023-12-19 14:12:112 INFO  ManageBrowser :38 - click on continue button
2023-12-19 14:12:957 INFO  ManageBrowser :38 - click on continue button
2023-12-19 14:12:59 INFO  ManageBrowser :37 - confirm result message
2023-12-19 14:12:56 INFO  ManageBrowser :38 - CLick on start Button
2023-12-19 14:12:388 INFO  ManageBrowser :24 - Select Nationality
2023-12-19 14:12:443 INFO  ManageBrowser :38 - click on continue button
2023-12-19 14:12:708 INFO  ManageBrowser :27 - select Reason for visit
2023-12-19 14:12:766 INFO  ManageBrowser :38 - click on continue button
2023-12-19 14:12:395 INFO  ManageBrowser :42 - confirm result message1
